2020-09-06 20:47:08.116  INFO 10668 --- [restartedMain] c.Gauttam.demo.SpringBootMvcApplication  : Starting SpringBootMvcApplication on Gauttam with PID 10668 (H:\SpringBoot\SpringBootMVC2\target\classes started by Gauttam Sonkamble in H:\SpringBoot\SpringBootMVC2)
2020-09-06 20:47:08.116  INFO 10668 --- [restartedMain] c.Gauttam.demo.SpringBootMvcApplication  : No active profile set, falling back to default profiles: default
2020-09-06 20:47:08.431  INFO 10668 --- [restartedMain] .s.d.r.c.RepositoryConfigurationDelegate : Bootstrapping Spring Data JPA repositories in DEFERRED mode.
2020-09-06 20:47:08.443  INFO 10668 --- [restartedMain] .s.d.r.c.RepositoryConfigurationDelegate : Finished Spring Data repository scanning in 12ms. Found 1 JPA repository interfaces.
2020-09-06 20:47:12.598  INFO 9384 --- [restartedMain] c.Gauttam.demo.SpringBootMvcApplication  : Starting SpringBootMvcApplication on Gauttam with PID 9384 (H:\SpringBoot\SpringBootMVC2\target\classes started by Gauttam Sonkamble in H:\SpringBoot\SpringBootMVC2)
2020-09-06 20:47:12.602  INFO 9384 --- [restartedMain] c.Gauttam.demo.SpringBootMvcApplication  : No active profile set, falling back to default profiles: default
2020-09-06 20:47:12.659  INFO 9384 --- [restartedMain] .e.DevToolsPropertyDefaultsPostProcessor : Devtools property defaults active! Set 'spring.devtools.add-properties' to 'false' to disable
2020-09-06 20:47:12.660  INFO 9384 --- [restartedMain] .e.DevToolsPropertyDefaultsPostProcessor : For additional web related logging consider setting the 'logging.level.web' property to 'DEBUG'
2020-09-06 20:47:13.531  INFO 9384 --- [restartedMain] .s.d.r.c.RepositoryConfigurationDelegate : Bootstrapping Spring Data JPA repositories in DEFERRED mode.
2020-09-06 20:47:13.602  INFO 9384 --- [restartedMain] .s.d.r.c.RepositoryConfigurationDelegate : Finished Spring Data repository scanning in 59ms. Found 1 JPA repository interfaces.
2020-09-06 20:47:14.512  INFO 9384 --- [restartedMain] o.s.b.w.embedded.tomcat.TomcatWebServer  : Tomcat initialized with port(s): 8080 (http)
2020-09-06 20:47:14.519  INFO 9384 --- [restartedMain] o.apache.catalina.core.StandardService   : Starting service [Tomcat]
2020-09-06 20:47:14.519  INFO 9384 --- [restartedMain] org.apache.catalina.core.StandardEngine  : Starting Servlet engine: [Apache Tomcat/9.0.36]
2020-09-06 20:47:14.764  INFO 9384 --- [restartedMain] org.apache.jasper.servlet.TldScanner     : At least one JAR was scanned for TLDs yet contained no TLDs. Enable debug logging for this logger for a complete list of JARs that were scanned but no TLDs were found in them. Skipping unneeded JARs during scanning can improve startup time and JSP compilation time.
2020-09-06 20:47:14.768  INFO 9384 --- [restartedMain] o.a.c.c.C.[Tomcat].[localhost].[/]       : Initializing Spring embedded WebApplicationContext
2020-09-06 20:47:14.769  INFO 9384 --- [restartedMain] w.s.c.ServletWebServerApplicationContext : Root WebApplicationContext: initialization completed in 2109 ms
2020-09-06 20:47:15.077  INFO 9384 --- [restartedMain] o.s.s.concurrent.ThreadPoolTaskExecutor  : Initializing ExecutorService 'applicationTaskExecutor'
2020-09-06 20:47:15.090  INFO 9384 --- [restartedMain] com.zaxxer.hikari.HikariDataSource       : HikariPool-1 - Starting...
2020-09-06 20:47:15.905  INFO 9384 --- [restartedMain] com.zaxxer.hikari.HikariDataSource       : HikariPool-1 - Start completed.
2020-09-06 20:47:15.968  INFO 9384 --- [task-1] o.hibernate.jpa.internal.util.LogHelper  : HHH000204: Processing PersistenceUnitInfo [name: default]
2020-09-06 20:47:16.043  INFO 9384 --- [task-1] org.hibernate.Version                    : HHH000412: Hibernate ORM core version 5.4.17.Final
2020-09-06 20:47:16.067  WARN 9384 --- [restartedMain] JpaBaseConfiguration$JpaWebConfiguration : spring.jpa.open-in-view is enabled by default. Therefore, database queries may be performed during view rendering. Explicitly configure spring.jpa.open-in-view to disable this warning
2020-09-06 20:47:16.290  INFO 9384 --- [task-1] o.hibernate.annotations.common.Version   : HCANN000001: Hibernate Commons Annotations {5.1.0.Final}
2020-09-06 20:47:16.588  INFO 9384 --- [restartedMain] o.s.b.a.w.s.WelcomePageHandlerMapping    : Adding welcome page template: index
2020-09-06 20:47:16.634  INFO 9384 --- [task-1] org.hibernate.dialect.Dialect            : HHH000400: Using dialect: org.hibernate.dialect.MySQL5Dialect
2020-09-06 20:47:16.797  INFO 9384 --- [restartedMain] o.s.b.d.a.OptionalLiveReloadServer       : LiveReload server is running on port 35729
2020-09-06 20:47:16.868  INFO 9384 --- [restartedMain] o.s.b.w.embedded.tomcat.TomcatWebServer  : Tomcat started on port(s): 8080 (http) with context path ''
2020-09-06 20:47:16.871  INFO 9384 --- [restartedMain] DeferredRepositoryInitializationListener : Triggering deferred initialization of Spring Data repositories…
2020-09-06 20:47:17.407  INFO 9384 --- [task-1] o.h.e.t.j.p.i.JtaPlatformInitiator       : HHH000490: Using JtaPlatform implementation: [org.hibernate.engine.transaction.jta.platform.internal.NoJtaPlatform]
2020-09-06 20:47:17.421  INFO 9384 --- [task-1] j.LocalContainerEntityManagerFactoryBean : Initialized JPA EntityManagerFactory for persistence unit 'default'
2020-09-06 20:47:17.908  INFO 9384 --- [restartedMain] DeferredRepositoryInitializationListener : Spring Data repositories initialized!
2020-09-06 20:47:17.922  INFO 9384 --- [restartedMain] c.Gauttam.demo.SpringBootMvcApplication  : Started SpringBootMvcApplication in 5.749 seconds (JVM running for 6.55)
2020-09-06 20:47:24.604  INFO 9384 --- [http-nio-8080-exec-2] o.a.c.c.C.[Tomcat].[localhost].[/]       : Initializing Spring DispatcherServlet 'dispatcherServlet'
2020-09-06 20:47:24.604  INFO 9384 --- [http-nio-8080-exec-2] o.s.web.servlet.DispatcherServlet        : Initializing Servlet 'dispatcherServlet'
2020-09-06 20:47:24.635  INFO 9384 --- [http-nio-8080-exec-2] o.s.web.servlet.DispatcherServlet        : Completed initialization in 30 ms
2020-09-06 20:47:24.673  INFO 9384 --- [http-nio-8080-exec-2] com.Gauttam.demo.LoggingAspect           : getUsers Method called from aspect
